<?xml version="1.0" encoding="UTF-8"?>
<testsuite xmlns:xsi="http://www.w3.org/2001/XMLSchema-instance" xsi:noNamespaceSchemaLocation="https://maven.apache.org/surefire/maven-surefire-plugin/xsd/surefire-test-report-3.0.xsd" version="3.0" name="com.ecommerce.api.service.ProductServiceTest" time="0.396" tests="3" errors="0" skipped="0" failures="0">
  <properties>
[...]
</properties>
  <testcase name="deleteProduct_throwsNotFound_whenMissing" classname="com.ecommerce.api.service.ProductServiceTest" time="0.328"/>
  <testcase name="createProduct_savesAndReturnsResponse" classname="com.ecommerce.api.service.ProductServiceTest" time="0.039"/>
  <testcase name="getProductById_throwsNotFound_whenMissing" classname="com.ecommerce.api.service.ProductServiceTest" time="0.016"/>
</testsuite>